<?xml version="1.0" encoding="UTF-8"?>
<testng-results skipped="0" failed="0" ignored="0" total="2" passed="2">
  <reporter-output>
  </reporter-output>
  <suite name="Default suite" duration-ms="31" started-at="2019-07-29T07:23:26Z" finished-at="2019-07-29T07:23:26Z">
    <groups>
    </groups>
    <test name="Default test" duration-ms="31" started-at="2019-07-29T07:23:26Z" finished-at="2019-07-29T07:23:26Z">
      <class name="com.Testng.TestngBasics">
        <test-method status="PASS" signature="setup()[pri:0, instance:com.Testng.TestngBasics@9629756]" name="setup" is-config="true" duration-ms="16" started-at="2019-07-29T07:23:26Z" finished-at="2019-07-29T07:23:26Z">
          <reporter-output>
          </reporter-output>
        </test-method> <!-- setup -->
        <test-method status="PASS" signature="launchBrowser()[pri:0, instance:com.Testng.TestngBasics@9629756]" name="launchBrowser" is-config="true" duration-ms="0" started-at="2019-07-29T07:23:26Z" finished-at="2019-07-29T07:23:26Z">
          <reporter-output>
          </reporter-output>
        </test-method> <!-- launchBrowser -->
        <test-method status="PASS" signature="login()[pri:0, instance:com.Testng.TestngBasics@9629756]" name="login" is-config="true" duration-ms="0" started-at="2019-07-29T07:23:26Z" finished-at="2019-07-29T07:23:26Z">
          <reporter-output>
          </reporter-output>
        </test-method> <!-- login -->
        <test-method status="PASS" signature="enterUrl()[pri:0, instance:com.Testng.TestngBasics@9629756]" name="enterUrl" is-config="true" duration-ms="0" started-at="2019-07-29T07:23:26Z" finished-at="2019-07-29T07:23:26Z">
          <reporter-output>
          </reporter-output>
        </test-method> <!-- enterUrl -->
        <test-method status="PASS" signature="googleHome()[pri:0, instance:com.Testng.TestngBasics@9629756]" name="googleHome" duration-ms="16" started-at="2019-07-29T07:23:26Z" finished-at="2019-07-29T07:23:26Z">
          <reporter-output>
          </reporter-output>
        </test-method> <!-- googleHome -->
        <test-method status="PASS" signature="logout()[pri:0, instance:com.Testng.TestngBasics@9629756]" name="logout" is-config="true" duration-ms="0" started-at="2019-07-29T07:23:26Z" finished-at="2019-07-29T07:23:26Z">
          <reporter-output>
          </reporter-output>
        </test-method> <!-- logout -->
        <test-method status="PASS" signature="enterUrl()[pri:0, instance:com.Testng.TestngBasics@9629756]" name="enterUrl" is-config="true" duration-ms="0" started-at="2019-07-29T07:23:26Z" finished-at="2019-07-29T07:23:26Z">
          <reporter-output>
          </reporter-output>
        </test-method> <!-- enterUrl -->
        <test-method status="PASS" signature="googleTitleTest()[pri:0, instance:com.Testng.TestngBasics@9629756]" name="googleTitleTest" duration-ms="0" started-at="2019-07-29T07:23:26Z" finished-at="2019-07-29T07:23:26Z">
          <reporter-output>
          </reporter-output>
        </test-method> <!-- googleTitleTest -->
        <test-method status="PASS" signature="logout()[pri:0, instance:com.Testng.TestngBasics@9629756]" name="logout" is-config="true" duration-ms="0" started-at="2019-07-29T07:23:26Z" finished-at="2019-07-29T07:23:26Z">
          <reporter-output>
          </reporter-output>
        </test-method> <!-- logout -->
        <test-method status="PASS" signature="closeBrowser()[pri:0, instance:com.Testng.TestngBasics@9629756]" name="closeBrowser" is-config="true" duration-ms="0" started-at="2019-07-29T07:23:26Z" finished-at="2019-07-29T07:23:26Z">
          <reporter-output>
          </reporter-output>
        </test-method> <!-- closeBrowser -->
        <test-method status="PASS" signature="deleteAllCoookies()[pri:0, instance:com.Testng.TestngBasics@9629756]" name="deleteAllCoookies" is-config="true" duration-ms="0" started-at="2019-07-29T07:23:26Z" finished-at="2019-07-29T07:23:26Z">
          <reporter-output>
          </reporter-output>
        </test-method> <!-- deleteAllCoookies -->
        <test-method status="PASS" signature="generateReport()[pri:0, instance:com.Testng.TestngBasics@9629756]" name="generateReport" is-config="true" duration-ms="0" started-at="2019-07-29T07:23:26Z" finished-at="2019-07-29T07:23:26Z">
          <reporter-output>
          </reporter-output>
        </test-method> <!-- generateReport -->
      </class> <!-- com.Testng.TestngBasics -->
    </test> <!-- Default test -->
  </suite> <!-- Default suite -->
</testng-results>
